# JRE version: Java(TM) SE Runtime Environment (8.0_25-b17) (build 1.8.0_25-b17)
# Java VM: Java HotSpot(TM) 64-Bit Server VM (25.25-b02 mixed mode bsd-amd64 compressed oops)
Heap:
 PSYoungGen      total 98304K, used 11172K [0x00000007aab00000, 0x00000007b3800000, 0x00000007c0000000)
  eden space 86016K, 9% used [0x00000007aab00000,0x00000007ab2ef578,0x00000007aff00000)
  from space 12288K, 24% used [0x00000007aff00000,0x00000007b01f9c10,0x00000007b0b00000)
  to   space 12288K, 0% used [0x00000007b2c00000,0x00000007b2c00000,0x00000007b3800000)
 ParOldGen       total 64000K, used 12954K [0x0000000780000000, 0x0000000783e80000, 0x00000007aab00000)
  object space 64000K, 20% used [0x0000000780000000,0x0000000780ca6ad0,0x0000000783e80000)
 Metaspace       used 36862K, capacity 37158K, committed 37464K, reserved 1081344K
  class space    used 4810K, capacity 4880K, committed 4992K, reserved 1048576K
GC Heap History (10 events):
Event: 2,654 GC heap before
{Heap before GC invocations=5 (full 1):
 PSYoungGen      total 68096K, used 2528K [0x00000007aab00000, 0x00000007af000000, 0x00000007c0000000)
  eden space 65536K, 0% used [0x00000007aab00000,0x00000007aab00000,0x00000007aeb00000)
  from space 2560K, 98% used [0x00000007aed80000,0x00000007aeff8020,0x00000007af000000)
  to   space 2560K, 0% used [0x00000007aeb00000,0x00000007aeb00000,0x00000007aed80000)
 ParOldGen       total 44032K, used 13221K [0x0000000780000000, 0x0000000782b00000, 0x00000007aab00000)
  object space 44032K, 30% used [0x0000000780000000,0x0000000780ce96d8,0x0000000782b00000)
 Metaspace       used 21015K, capacity 21210K, committed 21248K, reserved 1067008K
  class space    used 2757K, capacity 2800K, committed 2816K, reserved 1048576K
Event: 2,751 GC heap after
Heap after GC invocations=5 (full 1):
 PSYoungGen      total 68096K, used 0K [0x00000007aab00000, 0x00000007af000000, 0x00000007c0000000)
  eden space 65536K, 0% used [0x00000007aab00000,0x00000007aab00000,0x00000007aeb00000)
  from space 2560K, 0% used [0x00000007aed80000,0x00000007aed80000,0x00000007af000000)
  to   space 2560K, 0% used [0x00000007aeb00000,0x00000007aeb00000,0x00000007aed80000)
 ParOldGen       total 42496K, used 9474K [0x0000000780000000, 0x0000000782980000, 0x00000007aab00000)
  object space 42496K, 22% used [0x0000000780000000,0x0000000780940858,0x0000000782980000)
 Metaspace       used 21015K, capacity 21210K, committed 21248K, reserved 1067008K
  class space    used 2757K, capacity 2800K, committed 2816K, reserved 1048576K
}
Event: 5,437 GC heap before
{Heap before GC invocations=6 (full 1):
 PSYoungGen      total 68096K, used 65536K [0x00000007aab00000, 0x00000007af000000, 0x00000007c0000000)
  eden space 65536K, 100% used [0x00000007aab00000,0x00000007aeb00000,0x00000007aeb00000)
  from space 2560K, 0% used [0x00000007aed80000,0x00000007aed80000,0x00000007af000000)
  to   space 2560K, 0% used [0x00000007aeb00000,0x00000007aeb00000,0x00000007aed80000)
 ParOldGen       total 42496K, used 9474K [0x0000000780000000, 0x0000000782980000, 0x00000007aab00000)
  object space 42496K, 22% used [0x0000000780000000,0x0000000780940858,0x0000000782980000)
 Metaspace       used 31884K, capacity 32188K, committed 32512K, reserved 1077248K
  class space    used 4190K, capacity 4255K, committed 4352K, reserved 1048576K
Event: 5,466 GC heap after
Heap after GC invocations=6 (full 1):
 PSYoungGen      total 68096K, used 2528K [0x00000007aab00000, 0x00000007b1d00000, 0x00000007c0000000)
  eden space 65536K, 0% used [0x00000007aab00000,0x00000007aab00000,0x00000007aeb00000)
  from space 2560K, 98% used [0x00000007aeb00000,0x00000007aed78020,0x00000007aed80000)
  to   space 13312K, 0% used [0x00000007b1000000,0x00000007b1000000,0x00000007b1d00000)
 ParOldGen       total 42496K, used 19146K [0x0000000780000000, 0x0000000782980000, 0x00000007aab00000)
  object space 42496K, 45% used [0x0000000780000000,0x00000007812b2830,0x0000000782980000)
 Metaspace       used 31884K, capacity 32188K, committed 32512K, reserved 1077248K
  class space    used 4190K, capacity 4255K, committed 4352K, reserved 1048576K
}
Event: 86,256 GC heap before
{Heap before GC invocations=7 (full 1):
 PSYoungGen      total 68096K, used 29246K [0x00000007aab00000, 0x00000007b1d00000, 0x00000007c0000000)
  eden space 65536K, 40% used [0x00000007aab00000,0x00000007ac517b40,0x00000007aeb00000)
  from space 2560K, 98% used [0x00000007aeb00000,0x00000007aed78020,0x00000007aed80000)
  to   space 13312K, 0% used [0x00000007b1000000,0x00000007b1000000,0x00000007b1d00000)
 ParOldGen       total 42496K, used 19146K [0x0000000780000000, 0x0000000782980000, 0x00000007aab00000)
  object space 42496K, 45% used [0x0000000780000000,0x00000007812b2830,0x0000000782980000)
 Metaspace       used 34926K, capacity 35180K, committed 35416K, reserved 1079296K
  class space    used 4605K, capacity 4679K, committed 4736K, reserved 1048576K
Event: 86,276 GC heap after
Heap after GC invocations=7 (full 1):
 PSYoungGen      total 93184K, used 6068K [0x00000007aab00000, 0x00000007b1700000, 0x00000007c0000000)
  eden space 86016K, 0% used [0x00000007aab00000,0x00000007aab00000,0x00000007aff00000)
  from space 7168K, 84% used [0x00000007b1000000,0x00000007b15ed118,0x00000007b1700000)
  to   space 12288K, 0% used [0x00000007aff00000,0x00000007aff00000,0x00000007b0b00000)
 ParOldGen       total 42496K, used 19154K [0x0000000780000000, 0x0000000782980000, 0x00000007aab00000)
  object space 42496K, 45% used [0x0000000780000000,0x00000007812b4830,0x0000000782980000)
 Metaspace       used 34926K, capacity 35180K, committed 35416K, reserved 1079296K
  class space    used 4605K, capacity 4679K, committed 4736K, reserved 1048576K
}
Event: 86,276 GC heap before
{Heap before GC invocations=8 (full 2):
 PSYoungGen      total 93184K, used 6068K [0x00000007aab00000, 0x00000007b1700000, 0x00000007c0000000)
  eden space 86016K, 0% used [0x00000007aab00000,0x00000007aab00000,0x00000007aff00000)
  from space 7168K, 84% used [0x00000007b1000000,0x00000007b15ed118,0x00000007b1700000)
  to   space 12288K, 0% used [0x00000007aff00000,0x00000007aff00000,0x00000007b0b00000)
 ParOldGen       total 42496K, used 19154K [0x0000000780000000, 0x0000000782980000, 0x00000007aab00000)
  object space 42496K, 45% used [0x0000000780000000,0x00000007812b4830,0x0000000782980000)
 Metaspace       used 34926K, capacity 35180K, committed 35416K, reserved 1079296K
  class space    used 4605K, capacity 4679K, committed 4736K, reserved 1048576K
Event: 86,420 GC heap after
Heap after GC invocations=8 (full 2):
 PSYoungGen      total 93184K, used 0K [0x00000007aab00000, 0x00000007b1700000, 0x00000007c0000000)
  eden space 86016K, 0% used [0x00000007aab00000,0x00000007aab00000,0x00000007aff00000)
  from space 7168K, 0% used [0x00000007b1000000,0x00000007b1000000,0x00000007b1700000)
  to   space 12288K, 0% used [0x00000007aff00000,0x00000007aff00000,0x00000007b0b00000)
 ParOldGen       total 64000K, used 12946K [0x0000000780000000, 0x0000000783e80000, 0x00000007aab00000)
  object space 64000K, 20% used [0x0000000780000000,0x0000000780ca4ad0,0x0000000783e80000)
 Metaspace       used 34925K, capacity 35178K, committed 35416K, reserved 1079296K
  class space    used 4605K, capacity 4678K, committed 4736K, reserved 1048576K
}
Event: 14351,727 GC heap before
{Heap before GC invocations=9 (full 2):
 PSYoungGen      total 93184K, used 86016K [0x00000007aab00000, 0x00000007b1700000, 0x00000007c0000000)
  eden space 86016K, 100% used [0x00000007aab00000,0x00000007aff00000,0x00000007aff00000)
  from space 7168K, 0% used [0x00000007b1000000,0x00000007b1000000,0x00000007b1700000)
  to   space 12288K, 0% used [0x00000007aff00000,0x00000007aff00000,0x00000007b0b00000)
 ParOldGen       total 64000K, used 12946K [0x0000000780000000, 0x0000000783e80000, 0x00000007aab00000)
  object space 64000K, 20% used [0x0000000780000000,0x0000000780ca4ad0,0x0000000783e80000)
 Metaspace       used 36844K, capacity 37158K, committed 37464K, reserved 1081344K
  class space    used 4809K, capacity 4880K, committed 4992K, reserved 1048576K
Event: 14351,808 GC heap after
Heap after GC invocations=9 (full 2):
 PSYoungGen      total 98304K, used 3047K [0x00000007aab00000, 0x00000007b3800000, 0x00000007c0000000)
  eden space 86016K, 0% used [0x00000007aab00000,0x00000007aab00000,0x00000007aff00000)
  from space 12288K, 24% used [0x00000007aff00000,0x00000007b01f9c10,0x00000007b0b00000)
  to   space 12288K, 0% used [0x00000007b2c00000,0x00000007b2c00000,0x00000007b3800000)
 ParOldGen       total 64000K, used 12954K [0x0000000780000000, 0x0000000783e80000, 0x00000007aab00000)
  object space 64000K, 20% used [0x0000000780000000,0x0000000780ca6ad0,0x0000000783e80000)
 Metaspace       used 36844K, capacity 37158K, committed 37464K, reserved 1081344K
  class space    used 4809K, capacity 4880K, committed 4992K, reserved 1048576K
}

